./files/abc.txt IS NEW
./files/abc.txt is IN PROGRESS :-pool-1-thread-1
./files/abc.txt is COMPLETED
./files/input.txt IS NEW
./files/input.txt is IN PROGRESS :-pool-1-thread-2
./files/input.txt is COMPLETED
./files/myfile.txt IS NEW
./files/myfile.txt is IN PROGRESS :-pool-1-thread-3
./files/myfile.txt is COMPLETED
./files/in.txt IS NEW
./files/in.txt is IN PROGRESS :-pool-1-thread-1
./files/in.txt is COMPLETED
./files/me.txt IS NEW
./files/me.txt is IN PROGRESS :-pool-1-thread-4
./files/me.txt is COMPLETED
./files/cyb.txt IS NEW
./files/cyb.txt is IN PROGRESS :-pool-1-thread-2
./files/cyb.txt is COMPLETED
./files/123.txt IS NEW
./files/123.txt is IN PROGRESS :-pool-1-thread-5
./files/123.txt is COMPLETED
./files/xyz.txt IS NEW
./files/xyz.txt is IN PROGRESS :-pool-1-thread-3
./files/xyz.txt is COMPLETED
./files/1234.txt IS NEW
./files/1234.txt is IN PROGRESS :-pool-1-thread-1
./files/1234.txt is COMPLETED
